\BOOKMARK [0][-]{chapter*.1}{\376\377\000P\000E\000N\000G\000E\000S\000A\000H\000A\000N\000\040\000P\000R\000O\000P\000O\000S\000A\000L}{}% 1
\BOOKMARK [0][-]{chapter*.2}{\376\377\000K\000A\000T\000A\000\040\000P\000E\000N\000G\000A\000N\000T\000A\000R}{}% 2
\BOOKMARK [0][-]{chapter*.3}{\376\377\000D\000A\000F\000T\000A\000R\000\040\000I\000S\000I}{}% 3
\BOOKMARK [0][-]{chapter*.4}{\376\377\000D\000A\000F\000T\000A\000R\000\040\000G\000A\000M\000B\000A\000R}{}% 4
\BOOKMARK [0][-]{chapter.1}{\376\377\000P\000E\000N\000D\000A\000H\000U\000L\000U\000A\000N}{}% 5
\BOOKMARK [1][-]{section.1.1}{\376\377\000L\000a\000t\000a\000r\000\040\000B\000e\000l\000a\000k\000a\000n\000g}{chapter.1}% 6
\BOOKMARK [1][-]{section.1.2}{\376\377\000R\000u\000m\000u\000s\000a\000n\000\040\000M\000a\000s\000a\000l\000a\000h}{chapter.1}% 7
\BOOKMARK [1][-]{section.1.3}{\376\377\000T\000u\000j\000u\000a\000n\000\040\000P\000e\000n\000e\000l\000i\000t\000i\000a\000n}{chapter.1}% 8
\BOOKMARK [1][-]{section.1.4}{\376\377\000M\000a\000n\000f\000a\000a\000t\000\040\000P\000e\000n\000e\000l\000i\000t\000i\000a\000n}{chapter.1}% 9
\BOOKMARK [0][-]{chapter.2}{\376\377\000T\000I\000N\000J\000A\000U\000A\000N\000\040\000K\000E\000P\000U\000S\000T\000A\000K\000A\000A\000N}{}% 10
\BOOKMARK [1][-]{section.2.1}{\376\377\000I\000n\000d\000o\000o\000r\000\040\000P\000o\000s\000i\000t\000i\000o\000n\000i\000n\000g\000\040\000S\000y\000s\000t\000e\000m}{chapter.2}% 11
\BOOKMARK [1][-]{section.2.2}{\376\377\000R\000o\000u\000t\000e\000\040\000G\000u\000i\000d\000a\000n\000c\000e\000\040\000S\000y\000s\000t\000e\000m\000\040\000/\000\040\000W\000a\000y\000f\000i\000n\000d\000i\000n\000g\000\040\000a\000n\000d\000\040\000N\000a\000v\000i\000g\000a\000t\000i\000o\000n\000\040\000S\000y\000s\000t\000e\000m}{chapter.2}% 12
\BOOKMARK [1][-]{section.2.3}{\376\377\000E\000k\000s\000t\000r\000a\000k\000s\000i\000\040\000F\000i\000t\000u\000r}{chapter.2}% 13
\BOOKMARK [2][-]{subsection.2.3.1}{\376\377\000M\000e\000l\000\040\000F\000r\000e\000q\000u\000e\000n\000c\000y\000\040\000C\000e\000p\000s\000t\000r\000a\000l\000\040\000C\000o\000e\000f\000f\000i\000c\000i\000e\000n\000t\000\040\000\050\000M\000F\000C\000C\000\051}{section.2.3}% 14
\BOOKMARK [1][-]{section.2.4}{\376\377\000A\000c\000o\000u\000s\000t\000i\000c\000\040\000M\000o\000d\000e\000l}{chapter.2}% 15
\BOOKMARK [2][-]{subsection.2.4.1}{\376\377\000D\000e\000e\000p\000\040\000N\000e\000u\000r\000a\000l\000\040\000N\000e\000t\000w\000o\000r\000k\000\040\000\050\000D\000N\000N\000\051}{section.2.4}% 16
\BOOKMARK [1][-]{section.2.5}{\376\377\000K\000a\000l\000d\000i\000\040\000T\000o\000o\000l\000k\000i\000t}{chapter.2}% 17
\BOOKMARK [1][-]{section.2.6}{\376\377\000I\000n\000d\000o\000o\000r\000\040\000P\000o\000s\000i\000t\000i\000o\000n\000i\000n\000g\000\040\000S\000y\000s\000t\000e\000m}{chapter.2}% 18
\BOOKMARK [0][-]{chapter.3}{\376\377\000M\000E\000T\000O\000D\000O\000L\000O\000G\000I\000\040\000P\000E\000N\000E\000L\000I\000T\000I\000A\000N}{}% 19
\BOOKMARK [1][-]{section.3.1}{\376\377\000W\000a\000k\000t\000u\000\040\000d\000a\000n\000\040\000L\000o\000k\000a\000s\000i\000\040\000P\000e\000n\000e\000l\000i\000t\000i\000a\000n}{chapter.3}% 20
\BOOKMARK [1][-]{section.3.2}{\376\377\000A\000l\000a\000t\000\040\000d\000a\000n\000\040\000B\000a\000h\000a\000n}{chapter.3}% 21
\BOOKMARK [1][-]{section.3.3}{\376\377\000R\000o\000a\000d\000m\000a\000p\000\040\000P\000e\000n\000e\000l\000i\000t\000i\000a\000n}{chapter.3}% 22
\BOOKMARK [1][-]{section.3.4}{\376\377\000M\000e\000t\000o\000d\000e\000\040\000P\000e\000n\000e\000l\000i\000t\000i\000a\000n}{chapter.3}% 23
\BOOKMARK [2][-]{subsection.3.4.1}{\376\377\000D\000a\000t\000a\000\040\000S\000u\000a\000r\000a}{section.3.4}% 24
\BOOKMARK [2][-]{subsection.3.4.2}{\376\377\000P\000r\000e\000-\000p\000r\000o\000c\000e\000s\000s\000i\000n\000g\000\040\000D\000a\000t\000a\000\040\000S\000u\000a\000r\000a}{section.3.4}% 25
\BOOKMARK [2][-]{subsection.3.4.3}{\376\377\000P\000e\000r\000s\000i\000a\000p\000a\000n\000\040\000D\000a\000t\000a\000\040\000u\000n\000t\000u\000k\000\040\000K\000a\000l\000d\000i}{section.3.4}% 26
\BOOKMARK [2][-]{subsection.3.4.4}{\376\377\000E\000k\000s\000t\000r\000a\000k\000s\000i\000\040\000F\000i\000t\000u\000r}{section.3.4}% 27
\BOOKMARK [2][-]{subsection.3.4.5}{\376\377\000A\000k\000u\000s\000t\000i\000k\000\040\000M\000o\000d\000e\000l}{section.3.4}% 28
\BOOKMARK [2][-]{subsection.3.4.6}{\376\377\000M\000o\000d\000e\000l}{section.3.4}% 29
\BOOKMARK [2][-]{subsection.3.4.7}{\376\377\000M\000o\000d\000e\000l\000\040\000T\000e\000r\000l\000a\000t\000i\000h}{section.3.4}% 30
\BOOKMARK [0][-]{chapter*.11}{\376\377\000D\000A\000F\000T\000A\000R\000\040\000K\000E\000P\000U\000S\000T\000A\000K\000A\000A\000N}{}% 31
